[14:03:12] [main/INFO]: Setting user: Player79
[14:03:13] [Client thread/INFO]: LWJGL Version: 2.9.1
[14:03:14] [Client thread/ERROR]: Couldn't initialize twitch stream
[14:03:24] [Client thread/INFO]: Reloading ResourceManager: Default, FMLFileResourcePack:Forge Mod Loader, FMLFileResourcePack:Minecraft Forge, FMLFileResourcePack:Fun World Generator, FMLFileResourcePack:CoFH Core, FMLFileResourcePack:Thermal Foundation
[14:03:24] [Client thread/WARN]: ResourcePack: ignored non-lowercase namespace: FWG/ in /home/martin/Dokumente/Fun-World-Gen/out/production/Fun-World-Gen
[14:03:26] [Sound Library Loader/INFO]: Sound engine started
[14:03:26] [Client thread/INFO]: Created: 16x16 textures/blocks-atlas
[14:03:27] [Client thread/INFO]: Created: 16x16 textures/items-atlas
[14:03:27] [Client thread/INFO]: Reloading ResourceManager: Default, FMLFileResourcePack:Forge Mod Loader, FMLFileResourcePack:Minecraft Forge, FMLFileResourcePack:Fun World Generator, FMLFileResourcePack:CoFH Core, FMLFileResourcePack:Thermal Foundation
[14:03:27] [Client thread/WARN]: ResourcePack: ignored non-lowercase namespace: FWG/ in /home/martin/Dokumente/Fun-World-Gen/out/production/Fun-World-Gen
[14:03:28] [Client thread/INFO]: Created: 512x256 textures/blocks-atlas
[14:03:28] [Client thread/INFO]: Created: 512x256 textures/items-atlas
[14:03:29] [Sound Library Loader/INFO]: Sound engine started
[14:03:45] [Server thread/INFO]: Starting integrated minecraft server version 1.7.10
[14:03:45] [Server thread/INFO]: Generating keypair
[14:03:45] [Server thread/INFO]: Converting map!
[14:03:45] [Server thread/INFO]: Scanning folders...
[14:03:45] [Server thread/INFO]: Total conversion count is 0
[14:03:45] [Server thread/WARN]: Unable to find spawn biome
[14:03:45] [Server thread/INFO]: Preparing start region for level 0
[14:03:46] [Server thread/INFO]: Preparing spawn area: 18%
[14:03:47] [Server thread/INFO]: Preparing spawn area: 37%
[14:03:48] [Server thread/INFO]: Preparing spawn area: 56%
[14:03:49] [Server thread/INFO]: Preparing spawn area: 76%
[14:03:50] [Server thread/INFO]: Preparing spawn area: 99%
[14:03:50] [Server thread/INFO]: Changing view distance to 12, from 10
[14:03:51] [Server thread/INFO]: Player79[local:E:e08b7687] logged in with entity id 0 at (-9.5, -1.0, -6.5)
[14:03:51] [Server thread/INFO]: Player79 joined the game
[14:03:57] [Server thread/WARN]: Can't keep up! Did the system time change, or is the server overloaded? Running 4693ms behind, skipping 93 tick(s)
[14:04:01] [Server thread/INFO]: Player79 fell out of the world
[14:04:01] [Client thread/INFO]: [CHAT] Player79 fell out of the world
[14:05:40] [Server thread/INFO]: Saving and pausing game...
[14:05:40] [Server thread/INFO]: Saving chunks for level 'New World'/Overworld
[14:05:40] [Server thread/INFO]: Saving chunks for level 'New World'/Nether
[14:05:40] [Server thread/INFO]: Saving chunks for level 'New World'/The End
[14:05:44] [Client thread/INFO]: [CHAT] Saved screenshot as 2016-08-15_14.05.44.png
[14:05:45] [Server thread/INFO]: Saving and pausing game...
[14:05:45] [Server thread/INFO]: Saving chunks for level 'New World'/Overworld
[14:05:45] [Server thread/INFO]: Saving chunks for level 'New World'/Nether
[14:05:45] [Server thread/INFO]: Saving chunks for level 'New World'/The End
[14:06:30] [Server thread/INFO]: Saving and pausing game...
[14:06:30] [Server thread/INFO]: Saving chunks for level 'New World'/Overworld
[14:06:30] [Server thread/INFO]: Saving chunks for level 'New World'/Nether
[14:06:30] [Server thread/INFO]: Saving chunks for level 'New World'/The End
[14:06:31] [Server thread/INFO]: Stopping server
[14:06:31] [Server thread/INFO]: Saving players
[14:06:31] [Server thread/INFO]: Saving worlds
[14:06:31] [Server thread/INFO]: Saving chunks for level 'New World'/Overworld
[14:06:31] [Server thread/INFO]: Saving chunks for level 'New World'/Nether
[14:06:31] [Server thread/INFO]: Saving chunks for level 'New World'/The End
[14:06:32] [Client thread/INFO]: Stopping!
